This is pdfTeX, Version 3.14159265-2.6-1.40.16 (TeX Live 2015/Debian) (preloaded format=latex 2017.5.23)  23 MAY 2017 11:03
entering extended mode
 restricted \write18 enabled.
 %&-line parsing enabled.
**m.tex
(./m.tex
LaTeX2e <2016/02/01>
Babel <3.9q> and hyphenation patterns for 7 language(s) loaded.
(/usr/share/texlive/texmf-dist/tex/latex/base/book.cls
Document Class: book 2014/09/29 v1.4h Standard LaTeX document class
(/usr/share/texlive/texmf-dist/tex/latex/base/bk12.clo
File: bk12.clo 2014/09/29 v1.4h Standard LaTeX file (size option)
)
\c@part=\count79
\c@chapter=\count80
\c@section=\count81
\c@subsection=\count82
\c@subsubsection=\count83
\c@paragraph=\count84
\c@subparagraph=\count85
\c@figure=\count86
\c@table=\count87
\abovecaptionskip=\skip41
\belowcaptionskip=\skip42
\bibindent=\dimen102
)
(/usr/share/texlive/texmf-dist/tex/latex/psnfss/mathptmx.sty
Package: mathptmx 2005/04/12 PSNFSS-v9.2a Times w/ Math, improved (SPQR, WaS) 
LaTeX Font Info:    Redeclaring symbol font `operators' on input line 28.
LaTeX Font Info:    Overwriting symbol font `operators' in version `normal'
(Font)                  OT1/cmr/m/n --> OT1/ztmcm/m/n on input line 28.
LaTeX Font Info:    Overwriting symbol font `operators' in version `bold'
(Font)                  OT1/cmr/bx/n --> OT1/ztmcm/m/n on input line 28.
LaTeX Font Info:    Redeclaring symbol font `letters' on input line 29.
LaTeX Font Info:    Overwriting symbol font `letters' in version `normal'
(Font)                  OML/cmm/m/it --> OML/ztmcm/m/it on input line 29.
LaTeX Font Info:    Overwriting symbol font `letters' in version `bold'
(Font)                  OML/cmm/b/it --> OML/ztmcm/m/it on input line 29.
LaTeX Font Info:    Redeclaring symbol font `symbols' on input line 30.
LaTeX Font Info:    Overwriting symbol font `symbols' in version `normal'
(Font)                  OMS/cmsy/m/n --> OMS/ztmcm/m/n on input line 30.
LaTeX Font Info:    Overwriting symbol font `symbols' in version `bold'
(Font)                  OMS/cmsy/b/n --> OMS/ztmcm/m/n on input line 30.
LaTeX Font Info:    Redeclaring symbol font `largesymbols' on input line 31.
LaTeX Font Info:    Overwriting symbol font `largesymbols' in version `normal'
(Font)                  OMX/cmex/m/n --> OMX/ztmcm/m/n on input line 31.
LaTeX Font Info:    Overwriting symbol font `largesymbols' in version `bold'
(Font)                  OMX/cmex/m/n --> OMX/ztmcm/m/n on input line 31.
\symbold=\mathgroup4
\symitalic=\mathgroup5
LaTeX Font Info:    Redeclaring math alphabet \mathbf on input line 34.
LaTeX Font Info:    Overwriting math alphabet `\mathbf' in version `normal'
(Font)                  OT1/cmr/bx/n --> OT1/ptm/bx/n on input line 34.
LaTeX Font Info:    Overwriting math alphabet `\mathbf' in version `bold'
(Font)                  OT1/cmr/bx/n --> OT1/ptm/bx/n on input line 34.
LaTeX Font Info:    Redeclaring math alphabet \mathit on input line 35.
LaTeX Font Info:    Overwriting math alphabet `\mathit' in version `normal'
(Font)                  OT1/cmr/m/it --> OT1/ptm/m/it on input line 35.
LaTeX Font Info:    Overwriting math alphabet `\mathit' in version `bold'
(Font)                  OT1/cmr/bx/it --> OT1/ptm/m/it on input line 35.
LaTeX Info: Redefining \hbar on input line 50.
)
(/usr/share/texlive/texmf-dist/tex/latex/base/fontenc.sty
Package: fontenc 2005/09/27 v1.99g Standard LaTeX package

(/usr/share/texlive/texmf-dist/tex/latex/base/t1enc.def
File: t1enc.def 2005/09/27 v1.99g Standard LaTeX file
LaTeX Font Info:    Redeclaring font encoding T1 on input line 48.
)
(/usr/share/texlive/texmf-dist/tex/latex/arabi/lfeenc.def
File: lfeenc.def 2006/01/01 v0.1 Local Farsi font encoding (test version: may c
hange)
)
(/usr/share/texlive/texmf-dist/tex/latex/arabi/laeenc.def
File: laeenc.def 2006/01/01 v0.1 Local Arabic font encoding (test version: may 
change)
)
(/usr/share/texlive/texmf-dist/tex/latex/arabi/lfeenc.def
File: lfeenc.def 2006/01/01 v0.1 Local Farsi font encoding (test version: may c
hange)
LaTeX Font Info:    Redeclaring font encoding LFE on input line 27.
)
(/usr/share/texlive/texmf-dist/tex/latex/arabi/laeenc.def
File: laeenc.def 2006/01/01 v0.1 Local Arabic font encoding (test version: may 
change)
LaTeX Font Info:    Redeclaring font encoding LAE on input line 27.
)
LaTeX Font Info:    Try loading font information for LAE+cmr on input line 105.


(/usr/share/texlive/texmf-dist/tex/latex/arabi/laecmr.fd
File: laecmr.fd 2006/01/01 v0.1 LaTeX Arabic default font description (test ver
sion: may change)
)
LaTeX Font Info:    Font shape `LAE/cmr/m/n' will be
(Font)              scaled to size 12.5pt on input line 105.
)
(/usr/share/texlive/texmf-dist/tex/latex/base/inputenc.sty
Package: inputenc 2015/03/17 v1.2c Input encoding file
\inpenc@prehook=\toks14
\inpenc@posthook=\toks15

(/usr/share/texlive/texmf-dist/tex/latex/arabi/cp1256.def
File: cp1256.def 2006/01/01 v0.1 CP1256 Arabic input encoding file
)
(/usr/share/texlive/texmf-dist/tex/latex/base/latin9.def
File: latin9.def 2015/03/17 v1.2c Input encoding file
))
(/usr/share/texlive/texmf-dist/tex/latex/geometry/geometry.sty
Package: geometry 2010/09/12 v5.6 Page Geometry

(/usr/share/texlive/texmf-dist/tex/latex/graphics/keyval.sty
Package: keyval 2014/10/28 v1.15 key=value parser (DPC)
\KV@toks@=\toks16
)
(/usr/share/texlive/texmf-dist/tex/generic/oberdiek/ifpdf.sty
Package: ifpdf 2011/01/30 v2.3 Provides the ifpdf switch (HO)
Package ifpdf Info: pdfTeX in PDF mode is not detected.
)
(/usr/share/texlive/texmf-dist/tex/generic/oberdiek/ifvtex.sty
Package: ifvtex 2010/03/01 v1.5 Detect VTeX and its facilities (HO)
Package ifvtex Info: VTeX not detected.
)
(/usr/share/texlive/texmf-dist/tex/generic/ifxetex/ifxetex.sty
Package: ifxetex 2010/09/12 v0.6 Provides ifxetex conditional
)
\Gm@cnth=\count88
\Gm@cntv=\count89
\c@Gm@tempcnt=\count90
\Gm@bindingoffset=\dimen103
\Gm@wd@mp=\dimen104
\Gm@odd@mp=\dimen105
\Gm@even@mp=\dimen106
\Gm@layoutwidth=\dimen107
\Gm@layoutheight=\dimen108
\Gm@layouthoffset=\dimen109
\Gm@layoutvoffset=\dimen110
\Gm@dimlist=\toks17
)
(/usr/share/texlive/texmf-dist/tex/latex/fancyhdr/fancyhdr.sty
\fancy@headwidth=\skip43
\f@ncyO@elh=\skip44
\f@ncyO@erh=\skip45
\f@ncyO@olh=\skip46
\f@ncyO@orh=\skip47
\f@ncyO@elf=\skip48
\f@ncyO@erf=\skip49
\f@ncyO@olf=\skip50
\f@ncyO@orf=\skip51
)
(/usr/share/texlive/texmf-dist/tex/generic/babel/babel.sty
Package: babel 2016/02/24 3.9q The Babel package

(/usr/share/texlive/texmf-dist/tex/latex/arabi/arabic.ldf
File: arabic.ldf 
Language: arabic 2006/01/01 v0.1 Arabic support for the babel system

(/usr/share/texlive/texmf-dist/tex/generic/babel/babel.def
File: babel.def 2016/02/24 3.9q Babel common definitions
\babel@savecnt=\count91
\U@D=\dimen111
)
Loading the definitions for the LaTeX{} Arabic encoding
(/usr/share/texlive/texmf-dist/tex/latex/arabi/laeenc.def
File: laeenc.def 2006/01/01 v0.1 Local Arabic font encoding (test version: may 
change)
LaTeX Font Info:    Redeclaring font encoding LAE on input line 27.
)
Loading the Common definitions for Arabic and Farsi
(/usr/share/texlive/texmf-dist/tex/latex/arabi/arabicore.sty
  Arabi Core switching commands v1.0  2006/01/01   (may still change)  
\n@everypar=\toks18
\@Arabitempboxa=\box26
\llahheight=\skip52
\Decimalheight=\skip53
)
LaTeX Font Info:    Redeclaring font encoding LAE on input line 144.

Loading the Arabi fonts definitions for Arabic
(/usr/share/texlive/texmf-dist/tex/latex/arabi/arabicfnt.sty
  Arabic font switching commands v1.0  2006/01/01   (may still change)  
LaTeX Info: Redefining \times on input line 102.
LaTeX Info: Redefining \omega on input line 137.
)
Loading the Common definitions for Arabic and Farsi
(/usr/share/texlive/texmf-dist/tex/latex/arabi/arabnovowel.sty
File: arabnovowel.sty 2005/09/07 v0.1 Arabic dummy vowel slots when needed
\ArabiStruthightOFF=\skip54
\ArabiStrutdepthOFF=\skip55
\ArabiStruthightON=\skip56
\ArabiStrutdepthON=\skip57
)
*************************************
* Local config file arabic.cfg used
*
(/usr/share/texlive/texmf-dist/tex/latex/arabi/arabic.cfg))
(/usr/share/texlive/texmf-dist/tex/generic/babel-french/frenchb.ldf
Language: frenchb 2016/02/13 v3.1l French support from the babel system
\l@acadian = a dialect from \language\l@french 
\l@canadien = a dialect from \language\l@french 
\FBcolonskip=\skip58
\FBthinskip=\skip59
Package babel Info: Making : an active character on input line 342.
Package babel Info: Making ; an active character on input line 343.
Package babel Info: Making ! an active character on input line 344.
Package babel Info: Making ? an active character on input line 345.
\FBguillskip=\skip60
\FBguill@level=\count92
\FB@everypar=\toks19
\FB@Mht=\dimen112
\std@mcc=\count93
\dec@mcc=\count94
\listindentFB=\skip61
\labelwidthFB=\skip62
\leftmarginFB=\skip63
\parindentFFN=\dimen113
))
(/usr/share/texlive/texmf-dist/tex/latex/carlisle/scalefnt.sty)
(/usr/share/texlive/texmf-dist/tex/latex/setspace/setspace.sty
Package: setspace 2011/12/19 v6.7a set line spacing
)
LaTeX Font Info:    Font shape `LAE/cmr/m/n' will be
(Font)              scaled to size 15.0pt on input line 20.

No file m.aux.
\openout1 = `m.aux'.

LaTeX Font Info:    Checking defaults for OML/cmm/m/it on input line 22.
LaTeX Font Info:    ... okay on input line 22.
LaTeX Font Info:    Checking defaults for T1/cmr/m/n on input line 22.
LaTeX Font Info:    ... okay on input line 22.
LaTeX Font Info:    Checking defaults for OT1/cmr/m/n on input line 22.
LaTeX Font Info:    ... okay on input line 22.
LaTeX Font Info:    Checking defaults for OMS/cmsy/m/n on input line 22.
LaTeX Font Info:    ... okay on input line 22.
LaTeX Font Info:    Checking defaults for OMX/cmex/m/n on input line 22.
LaTeX Font Info:    ... okay on input line 22.
LaTeX Font Info:    Checking defaults for U/cmr/m/n on input line 22.
LaTeX Font Info:    ... okay on input line 22.
LaTeX Font Info:    Checking defaults for LFE/cmr/m/n on input line 22.
LaTeX Font Info:    Try loading font information for LFE+cmr on input line 22.
(/usr/share/texlive/texmf-dist/tex/latex/arabi/lfecmr.fd
File: lfecmr.fd 2006/12/01 v0.1a LaTeX default Farsi font description (test ver
sion: may change)
)
LaTeX Font Info:    ... okay on input line 22.
LaTeX Font Info:    Checking defaults for LAE/cmr/m/n on input line 22.
LaTeX Font Info:    ... okay on input line 22.
LaTeX Font Info:    Try loading font information for LAE+ptm on input line 22.
LaTeX Font Info:    No file LAEptm.fd. on input line 22.


LaTeX Font Warning: Font shape `LAE/ptm/m/n' undefined
(Font)              using `LAE/cmr/m/n' instead on input line 22.

\big@size=\dimen114
*geometry* driver: auto-detecting
*geometry* detected driver: dvips
*geometry* verbose mode - [ preamble ] result:
* driver: dvips
* paper: a4paper
* layout: <same size as paper>
* layoutoffset:(h,v)=(0.0pt,0.0pt)
* modes: 
* h-part:(L,W,R)=(85.35826pt, 455.24411pt, 56.9055pt)
* v-part:(T,H,B)=(56.9055pt, 731.23584pt, 56.9055pt)
* \paperwidth=597.50787pt
* \paperheight=845.04684pt
* \textwidth=455.24411pt
* \textheight=731.23584pt
* \oddsidemargin=13.08827pt
* \evensidemargin=13.08827pt
* \topmargin=-53.23828pt
* \headheight=18.0pt
* \headsep=19.8738pt
* \topskip=12.0pt
* \footskip=30.0pt
* \marginparwidth=47.0pt
* \marginparsep=7.0pt
* \columnsep=10.0pt
* \skip\footins=10.8pt plus 4.0pt minus 2.0pt
* \hoffset=0.0pt
* \voffset=0.0pt
* \mag=1000
* \@twocolumnfalse
* \@twosidefalse
* \@mparswitchfalse
* \@reversemarginfalse
* (1in=72.27pt=25.4mm, 1cm=28.453pt)

(/usr/share/texlive/texmf-dist/tex/latex/base/ifthen.sty
Package: ifthen 2014/09/29 v1.1c Standard LaTeX ifthen package (DPC)
)
LaTeX Info: Redefining \degres on input line 22.


Package frenchb.ldf Warning: Figures' and tables' captions might look like
(frenchb.ldf)                `Figure 1:' which is wrong in French.
(frenchb.ldf)                Check your class or packages to change this;
(frenchb.ldf)                reported on input line 22.

LaTeX Info: Redefining \dots on input line 22.
LaTeX Font Info:    Try loading font information for OT1+ptm on input line 22.
(/usr/share/texlive/texmf-dist/tex/latex/psnfss/ot1ptm.fd
File: ot1ptm.fd 2001/06/04 font definitions for OT1/ptm.
)
LaTeX Info: Redefining \up on input line 22.
\openout2 = `start/abst.aux'.

 (./start/abst.tex

! LaTeX Error: Can be used only in preamble.

See the LaTeX manual or LaTeX Companion for explanation.
Type  H <return>  for immediate help.
 ...                                              
                                                  
l.2 \begin{document}
                    
? R
OK, entering \nonstopmode...
LaTeX Font Info:    Font shape `LAE/ptm/m/n' will be
(Font)              scaled to size 15.0pt on input line 5.
(/usr/share/texlive/texmf-dist/tex/latex/arabi/cp1256.def
File: cp1256.def 2006/01/01 v0.1 CP1256 Arabic input encoding file
)

! Package inputenc Error: Keyboard character used is undefined
(inputenc)                in inputencoding `cp1256'.

See the inputenc package documentation for explanation.
Type  H <return>  for immediate help.
 ...                                              
                                                  
l.7 Ù…
      Ù„Ø®Øµ
You need to provide a definition with \DeclareInputText 
or \DeclareInputMath before using this key.


! Package inputenc Error: Keyboard character used is undefined
(inputenc)                in inputencoding `cp1256'.

See the inputenc package documentation for explanation.
Type  H <return>  for immediate help.
 ...                                              
                                                  
l.7 Ù…Ù„
        Ø®Øµ
You need to provide a definition with \DeclareInputText 
or \DeclareInputMath before using this key.


! Package inputenc Error: Keyboard character used is undefined
(inputenc)                in inputencoding `cp1256'.

See the inputenc package documentation for explanation.
Type  H <return>  for immediate help.
 ...                                              
                                                  
l.7 Ù…Ù„Ø®
          Øµ
You need to provide a definition with \DeclareInputText 
or \DeclareInputMath before using this key.


! Package inputenc Error: Keyboard character used is undefined
(inputenc)                in inputencoding `cp1256'.

See the inputenc package documentation for explanation.
Type  H <return>  for immediate help.
 ...                                              
                                                  
l.7 Ù…Ù„Ø®Øµ
            
You need to provide a definition with \DeclareInputText 
or \DeclareInputMath before using this key.


! Package inputenc Error: Keyboard character used is undefined
(inputenc)                in inputencoding `cp1256'.

See the inputenc package documentation for explanation.
Type  H <return>  for immediate help.
 ...                                              
                                                  
l.9 Ø§
      Ù†ØªØ´Ø± Ù…Ø¤Ø®Ø±Ø§ Ø§Ù„Ù†Ø¸Ù… Ù…ØªØ¹Ø¯Ø¯Ø© Ø§Ù„Ø¹Ù…Ù„Ø§Ø¡ ÙÙŠ Ù…Ø¬Ø§...

You need to provide a definition with \DeclareInputText 
or \DeclareInputMath before using this key.


! Package inputenc Error: Keyboard character used is undefined
(inputenc)                in inputencoding `cp1256'.

See the inputenc package documentation for explanation.
Type  H <return>  for immediate help.
 ...                                              
                                                  
l.9 Ø§Ù†
        ØªØ´Ø± Ù…Ø¤Ø®Ø±Ø§ Ø§Ù„Ù†Ø¸Ù… Ù…ØªØ¹Ø¯Ø¯Ø© Ø§Ù„Ø¹Ù…Ù„Ø§Ø¡ ÙÙŠ Ù…Ø¬Ø§...

You need to provide a definition with \DeclareInputText 
or \DeclareInputMath before using this key.


! Package inputenc Error: Keyboard character used is undefined
(inputenc)                in inputencoding `cp1256'.

See the inputenc package documentation for explanation.
Type  H <return>  for immediate help.
 ...                                              
                                                  
l.9 Ø§Ù†Øª
          Ø´Ø± Ù…Ø¤Ø®Ø±Ø§ Ø§Ù„Ù†Ø¸Ù… Ù…ØªØ¹Ø¯Ø¯Ø© Ø§Ù„Ø¹Ù…Ù„Ø§Ø¡ ÙÙŠ Ù…Ø¬Ø§...

You need to provide a definition with \DeclareInputText 
or \DeclareInputMath before using this key.


! Package inputenc Error: Keyboard character used is undefined
(inputenc)                in inputencoding `cp1256'.

See the inputenc package documentation for explanation.
Type  H <return>  for immediate help.
 ...                                              
                                                  
l.9 Ø§Ù†ØªØ´
            Ø± Ù…Ø¤Ø®Ø±Ø§ Ø§Ù„Ù†Ø¸Ù… Ù…ØªØ¹Ø¯Ø¯Ø© Ø§Ù„Ø¹Ù…Ù„Ø§Ø¡ ÙÙŠ Ù…Ø¬Ø§...

You need to provide a definition with \DeclareInputText 
or \DeclareInputMath before using this key.


! Package inputenc Error: Keyboard character used is undefined
(inputenc)                in inputencoding `cp1256'.

See the inputenc package documentation for explanation.
Type  H <return>  for immediate help.
 ...                                              
                                                  
l.9 Ø§Ù†ØªØ´Ø±
               Ù…Ø¤Ø®Ø±Ø§ Ø§Ù„Ù†Ø¸Ù… Ù…ØªØ¹Ø¯Ø¯Ø© Ø§Ù„Ø¹Ù…Ù„Ø§Ø¡ ÙÙŠ Ù…Ø¬Ø§...

You need to provide a definition with \DeclareInputText 
or \DeclareInputMath before using this key.


! Package inputenc Error: Keyboard character used is undefined
(inputenc)                in inputencoding `cp1256'.

See the inputenc package documentation for explanation.
Type  H <return>  for immediate help.
 ...                                              
                                                  
l.9 Ø§Ù†ØªØ´Ø± Ù…
                 Ø¤Ø®Ø±Ø§ Ø§Ù„Ù†Ø¸Ù… Ù…ØªØ¹Ø¯Ø¯Ø© Ø§Ù„Ø¹Ù…Ù„Ø§Ø¡ ÙÙŠ Ù…Ø¬Ø§...

You need to provide a definition with \DeclareInputText 
or \DeclareInputMath before using this key.


! Package inputenc Error: Keyboard character used is undefined
(inputenc)                in inputencoding `cp1256'.

See the inputenc package documentation for explanation.
Type  H <return>  for immediate help.
 ...                                              
                                                  
l.9 Ø§Ù†ØªØ´Ø± Ù…Ø¤Ø®
                     Ø±Ø§ Ø§Ù„Ù†Ø¸Ù… Ù…ØªØ¹Ø¯Ø¯Ø© Ø§Ù„Ø¹Ù…Ù„Ø§Ø¡ ÙÙŠ Ù…Ø¬Ø§...

You need to provide a definition with \DeclareInputText 
or \DeclareInputMath before using this key.


! Package inputenc Error: Keyboard character used is undefined
(inputenc)                in inputencoding `cp1256'.

See the inputenc package documentation for explanation.
Type  H <return>  for immediate help.
 ...                                              
                                                  
l.9 Ø§Ù†ØªØ´Ø± Ù…Ø¤Ø®Ø±
                       Ø§ Ø§Ù„Ù†Ø¸Ù… Ù…ØªØ¹Ø¯Ø¯Ø© Ø§Ù„Ø¹Ù…Ù„Ø§Ø¡ ÙÙŠ Ù…Ø¬Ø§...

You need to provide a definition with \DeclareInputText 
or \DeclareInputMath before using this key.


! Package inputenc Error: Keyboard character used is undefined
(inputenc)                in inputencoding `cp1256'.

See the inputenc package documentation for explanation.
Type  H <return>  for immediate help.
 ...                                              
                                                  
l.9 Ø§Ù†ØªØ´Ø± Ù…Ø¤Ø®Ø±Ø§
                          Ø§Ù„Ù†Ø¸Ù… Ù…ØªØ¹Ø¯Ø¯Ø© Ø§Ù„Ø¹Ù…Ù„Ø§Ø¡ ÙÙŠ Ù…Ø¬Ø§...

You need to provide a definition with \DeclareInputText 
or \DeclareInputMath before using this key.


! Package inputenc Error: Keyboard character used is undefined
(inputenc)                in inputencoding `cp1256'.

See the inputenc package documentation for explanation.
Type  H <return>  for immediate help.
 ...                                              
                                                  
l.9 Ø§Ù†ØªØ´Ø± Ù…Ø¤Ø®Ø±Ø§ Ø§
                            Ù„Ù†Ø¸Ù… Ù…ØªØ¹Ø¯Ø¯Ø© Ø§Ù„Ø¹Ù…Ù„Ø§Ø¡ ÙÙŠ Ù…Ø¬Ø§...

You need to provide a definition with \DeclareInputText 
or \DeclareInputMath before using this key.


! Package inputenc Error: Keyboard character used is undefined
(inputenc)                in inputencoding `cp1256'.

See the inputenc package documentation for explanation.
Type  H <return>  for immediate help.
 ...                                              
                                                  
l.9 Ø§Ù†ØªØ´Ø± Ù…Ø¤Ø®Ø±Ø§ Ø§Ù„
                              Ù†Ø¸Ù… Ù…ØªØ¹Ø¯Ø¯Ø© Ø§Ù„Ø¹Ù…Ù„Ø§Ø¡ ÙÙŠ Ù…Ø¬Ø§...

You need to provide a definition with \DeclareInputText 
or \DeclareInputMath before using this key.


! Package inputenc Error: Keyboard character used is undefined
(inputenc)                in inputencoding `cp1256'.

See the inputenc package documentation for explanation.
Type  H <return>  for immediate help.
 ...                                              
                                                  
l.9 Ø§Ù†ØªØ´Ø± Ù…Ø¤Ø®Ø±Ø§ Ø§Ù„Ù†
                                Ø¸Ù… Ù…ØªØ¹Ø¯Ø¯Ø© Ø§Ù„Ø¹Ù…Ù„Ø§Ø¡ ÙÙŠ Ù…Ø¬Ø§...

You need to provide a definition with \DeclareInputText 
or \DeclareInputMath before using this key.


! Package inputenc Error: Keyboard character used is undefined
(inputenc)                in inputencoding `cp1256'.

See the inputenc package documentation for explanation.
Type  H <return>  for immediate help.
 ...                                              
                                                  
l.9 Ø§Ù†ØªØ´Ø± Ù…Ø¤Ø®Ø±Ø§ Ø§Ù„Ù†Ø¸
                                  Ù… Ù…ØªØ¹Ø¯Ø¯Ø© Ø§Ù„Ø¹Ù…Ù„Ø§Ø¡ ÙÙŠ Ù…Ø¬Ø§...

You need to provide a definition with \DeclareInputText 
or \DeclareInputMath before using this key.


! Package inputenc Error: Keyboard character used is undefined
(inputenc)                in inputencoding `cp1256'.

See the inputenc package documentation for explanation.
Type  H <return>  for immediate help.
 ...                                              
                                                  
l.9 Ø§Ù†ØªØ´Ø± Ù…Ø¤Ø®Ø±Ø§ Ø§Ù„Ù†Ø¸Ù…
                                     Ù…ØªØ¹Ø¯Ø¯Ø© Ø§Ù„Ø¹Ù…Ù„Ø§Ø¡ ÙÙŠ Ù…Ø¬Ø§...

You need to provide a definition with \DeclareInputText 
or \DeclareInputMath before using this key.


! Package inputenc Error: Keyboard character used is undefined
(inputenc)                in inputencoding `cp1256'.

See the inputenc package documentation for explanation.
Type  H <return>  for immediate help.
 ...                                              
                                                  
l.9 Ø§Ù†ØªØ´Ø± Ù…Ø¤Ø®Ø±Ø§ Ø§Ù„Ù†Ø¸Ù… Ù…
                                       ØªØ¹Ø¯Ø¯Ø© Ø§Ù„Ø¹Ù…Ù„Ø§Ø¡ ÙÙŠ Ù…Ø¬Ø§...

You need to provide a definition with \DeclareInputText 
or \DeclareInputMath before using this key.


! Package inputenc Error: Keyboard character used is undefined
(inputenc)                in inputencoding `cp1256'.

See the inputenc package documentation for explanation.
Type  H <return>  for immediate help.
 ...                                              
                                                  
l.9 Ø§Ù†ØªØ´Ø± Ù…Ø¤Ø®Ø±Ø§ Ø§Ù„Ù†Ø¸Ù… Ù…Øª
                                         Ø¹Ø¯Ø¯Ø© Ø§Ù„Ø¹Ù…Ù„Ø§Ø¡ ÙÙŠ Ù…Ø¬Ø§...

You need to provide a definition with \DeclareInputText 
or \DeclareInputMath before using this key.


! Package inputenc Error: Keyboard character used is undefined
(inputenc)                in inputencoding `cp1256'.

See the inputenc package documentation for explanation.
Type  H <return>  for immediate help.
 ...                                              
                                                  
l.9 Ø§Ù†ØªØ´Ø± Ù…Ø¤Ø®Ø±Ø§ Ø§Ù„Ù†Ø¸Ù… Ù…ØªØ¹
                                           Ø¯Ø¯Ø© Ø§Ù„Ø¹Ù…Ù„Ø§Ø¡ ÙÙŠ Ù…Ø¬Ø§...

You need to provide a definition with \DeclareInputText 
or \DeclareInputMath before using this key.


! Package inputenc Error: Keyboard character used is undefined
(inputenc)                in inputencoding `cp1256'.

See the inputenc package documentation for explanation.
Type  H <return>  for immediate help.
 ...                                              
                                                  
l.9 Ø§Ù†ØªØ´Ø± Ù…Ø¤Ø®Ø±Ø§ Ø§Ù„Ù†Ø¸Ù… Ù…ØªØ¹Ø¯Ø¯Ø©
                                                  Ø§Ù„Ø¹Ù…Ù„Ø§Ø¡ ÙÙŠ Ù…Ø¬Ø§...

You need to provide a definition with \DeclareInputText 
or \DeclareInputMath before using this key.


! Package inputenc Error: Keyboard character used is undefined
(inputenc)                in inputencoding `cp1256'.

See the inputenc package documentation for explanation.
Type  H <return>  for immediate help.
 ...                                              
                                                  
l.9 ...ªØ´Ø± Ù…Ø¤Ø®Ø±Ø§ Ø§Ù„Ù†Ø¸Ù… Ù…ØªØ¹Ø¯Ø¯Ø© Ø§
                                                  Ù„Ø¹Ù…Ù„Ø§Ø¡ ÙÙŠ Ù…Ø¬Ø§Ù„...

You need to provide a definition with \DeclareInputText 
or \DeclareInputMath before using this key.


! Package inputenc Error: Keyboard character used is undefined
(inputenc)                in inputencoding `cp1256'.

See the inputenc package documentation for explanation.
Type  H <return>  for immediate help.
 ...                                              
                                                  
l.9 ...´Ø± Ù…Ø¤Ø®Ø±Ø§ Ø§Ù„Ù†Ø¸Ù… Ù…ØªØ¹Ø¯Ø¯Ø© Ø§Ù„
                                                  Ø¹Ù…Ù„Ø§Ø¡ ÙÙŠ Ù…Ø¬Ø§Ù„Ø§...

You need to provide a definition with \DeclareInputText 
or \DeclareInputMath before using this key.


! Package inputenc Error: Keyboard character used is undefined
(inputenc)                in inputencoding `cp1256'.

See the inputenc package documentation for explanation.
Type  H <return>  for immediate help.
 ...                                              
                                                  
l.9 ...± Ù…Ø¤Ø®Ø±Ø§ Ø§Ù„Ù†Ø¸Ù… Ù…ØªØ¹Ø¯Ø¯Ø© Ø§Ù„Ø¹
                                                  Ù…Ù„Ø§Ø¡ ÙÙŠ Ù…Ø¬Ø§Ù„Ø§Øª...

You need to provide a definition with \DeclareInputText 
or \DeclareInputMath before using this key.


! Package inputenc Error: Keyboard character used is undefined
(inputenc)                in inputencoding `cp1256'.

See the inputenc package documentation for explanation.
Type  H <return>  for immediate help.
 ...                                              
                                                  
l.9 ...Ù…Ø¤Ø®Ø±Ø§ Ø§Ù„Ù†Ø¸Ù… Ù…ØªØ¹Ø¯Ø¯Ø© Ø§Ù„Ø¹Ù…
                                                  Ù„Ø§Ø¡ ÙÙŠ Ù…Ø¬Ø§Ù„Ø§Øª Ù...

You need to provide a definition with \DeclareInputText 
or \DeclareInputMath before using this key.


! Package inputenc Error: Keyboard character used is undefined
(inputenc)                in inputencoding `cp1256'.

See the inputenc package documentation for explanation.
Type  H <return>  for immediate help.
 ...                                              
                                                  
l.9 ...Ø¤Ø®Ø±Ø§ Ø§Ù„Ù†Ø¸Ù… Ù…ØªØ¹Ø¯Ø¯Ø© Ø§Ù„Ø¹Ù…Ù„
                                                  Ø§Ø¡ ÙÙŠ Ù…Ø¬Ø§Ù„Ø§Øª Ù…Ø...

You need to provide a definition with \DeclareInputText 
or \DeclareInputMath before using this key.


! Package inputenc Error: Keyboard character used is undefined
(inputenc)                in inputencoding `cp1256'.

See the inputenc package documentation for explanation.
Type  H <return>  for immediate help.
 ...                                              
                                                  
l.9 ...Ø®Ø±Ø§ Ø§Ù„Ù†Ø¸Ù… Ù…ØªØ¹Ø¯Ø¯Ø© Ø§Ù„Ø¹Ù…Ù„Ø§
                                                  Ø¡ ÙÙŠ Ù…Ø¬Ø§Ù„Ø§Øª Ù…Ø®Ø...

You need to provide a definition with \DeclareInputText 
or \DeclareInputMath before using this key.


! LaTeX Error: Command \peh unavailable in encoding LAE.

See the LaTeX manual or LaTeX Companion for explanation.
Type  H <return>  for immediate help.
 ...                                              
                                                  
l.9 ...§ Ø§Ù„Ù†Ø¸Ù… Ù…ØªØ¹Ø¯Ø¯Ø© Ø§Ù„Ø¹Ù…Ù„Ø§Ø¡ Ù
                                                  ÙŠ Ù…Ø¬Ø§Ù„Ø§Øª Ù…Ø®ØªÙ„Ù...

Your command was ignored.
Type  I <command> <return>  to replace it with another command,
or  <return>  to continue without it.


! Package inputenc Error: Keyboard character used is undefined
(inputenc)                in inputencoding `cp1256'.

See the inputenc package documentation for explanation.
Type  H <return>  for immediate help.
 ...                                              
                                                  
l.9 ...Ø§Ù„Ù†Ø¸Ù… Ù…ØªØ¹Ø¯Ø¯Ø© Ø§Ù„Ø¹Ù…Ù„Ø§Ø¡ ÙÙŠ
                                                   Ù…Ø¬Ø§Ù„Ø§Øª Ù…Ø®ØªÙ„ÙØ©...

You need to provide a definition with \DeclareInputText 
or \DeclareInputMath before using this key.


! Package inputenc Error: Keyboard character used is undefined
(inputenc)                in inputencoding `cp1256'.

See the inputenc package documentation for explanation.
Type  H <return>  for immediate help.
 ...                                              
                                                  
l.9 ...„Ù†Ø¸Ù… Ù…ØªØ¹Ø¯Ø¯Ø© Ø§Ù„Ø¹Ù…Ù„Ø§Ø¡ ÙÙŠ Ù…
                                                  Ø¬Ø§Ù„Ø§Øª Ù…Ø®ØªÙ„ÙØ©. Ù...

You need to provide a definition with \DeclareInputText 
or \DeclareInputMath before using this key.


! Package inputenc Error: Keyboard character used is undefined
(inputenc)                in inputencoding `cp1256'.

See the inputenc package documentation for explanation.
Type  H <return>  for immediate help.
 ...                                              
                                                  
l.9 ...†Ø¸Ù… Ù…ØªØ¹Ø¯Ø¯Ø© Ø§Ù„Ø¹Ù…Ù„Ø§Ø¡ ÙÙŠ Ù…Ø¬
                                                  Ø§Ù„Ø§Øª Ù…Ø®ØªÙ„ÙØ©. Ùˆ ...

You need to provide a definition with \DeclareInputText 
or \DeclareInputMath before using this key.


! Package inputenc Error: Keyboard character used is undefined
(inputenc)                in inputencoding `cp1256'.

See the inputenc package documentation for explanation.
Type  H <return>  for immediate help.
 ...                                              
                                                  
l.9 ...¸Ù… Ù…ØªØ¹Ø¯Ø¯Ø© Ø§Ù„Ø¹Ù…Ù„Ø§Ø¡ ÙÙŠ Ù…Ø¬Ø§
                                                  Ù„Ø§Øª Ù…Ø®ØªÙ„ÙØ©. Ùˆ ÙŠ...

You need to provide a definition with \DeclareInputText 
or \DeclareInputMath before using this key.


! Package inputenc Error: Keyboard character used is undefined
(inputenc)                in inputencoding `cp1256'.

See the inputenc package documentation for explanation.
Type  H <return>  for immediate help.
 ...                                              
                                                  
l.9 ...… Ù…ØªØ¹Ø¯Ø¯Ø© Ø§Ù„Ø¹Ù…Ù„Ø§Ø¡ ÙÙŠ Ù…Ø¬Ø§Ù„
                                                  Ø§Øª Ù…Ø®ØªÙ„ÙØ©. Ùˆ ÙŠØ¤...

You need to provide a definition with \DeclareInputText 
or \DeclareInputMath before using this key.


! Package inputenc Error: Keyboard character used is undefined
(inputenc)                in inputencoding `cp1256'.

See the inputenc package documentation for explanation.
Type  H <return>  for immediate help.
 ...                                              
                                                  
l.9 ...Ù…ØªØ¹Ø¯Ø¯Ø© Ø§Ù„Ø¹Ù…Ù„Ø§Ø¡ ÙÙŠ Ù…Ø¬Ø§Ù„Ø§
                                                  Øª Ù…Ø®ØªÙ„ÙØ©. Ùˆ ÙŠØ¤Ø«...

You need to provide a definition with \DeclareInputText 
or \DeclareInputMath before using this key.


! Package inputenc Error: Keyboard character used is undefined
(inputenc)                in inputencoding `cp1256'.

See the inputenc package documentation for explanation.
Type  H <return>  for immediate help.
 ...                                              
                                                  
l.9 ...ØªØ¹Ø¯Ø¯Ø© Ø§Ù„Ø¹Ù…Ù„Ø§Ø¡ ÙÙŠ Ù…Ø¬Ø§Ù„Ø§Øª
                                                   Ù…Ø®ØªÙ„ÙØ©. Ùˆ ÙŠØ¤Ø«Ø±...

You need to provide a definition with \DeclareInputText 
or \DeclareInputMath before using this key.


! Package inputenc Error: Keyboard character used is undefined
(inputenc)                in inputencoding `cp1256'.

See the inputenc package documentation for explanation.
Type  H <return>  for immediate help.
 ...                                              
                                                  
l.9 ...¹Ø¯Ø¯Ø© Ø§Ù„Ø¹Ù…Ù„Ø§Ø¡ ÙÙŠ Ù…Ø¬Ø§Ù„Ø§Øª Ù…
                                                  Ø®ØªÙ„ÙØ©. Ùˆ ÙŠØ¤Ø«Ø± Øª...

You need to provide a definition with \DeclareInputText 
or \DeclareInputMath before using this key.


! Package inputenc Error: Keyboard character used is undefined
(inputenc)                in inputencoding `cp1256'.

See the inputenc package documentation for explanation.
Type  H <return>  for immediate help.
 ...                                              
                                                  
l.9 ...¯Ø¯Ø© Ø§Ù„Ø¹Ù…Ù„Ø§Ø¡ ÙÙŠ Ù…Ø¬Ø§Ù„Ø§Øª Ù…Ø®
                                                  ØªÙ„ÙØ©. Ùˆ ÙŠØ¤Ø«Ø± ØªÙˆ...

You need to provide a definition with \DeclareInputText 
or \DeclareInputMath before using this key.


! Package inputenc Error: Keyboard character used is undefined
(inputenc)                in inputencoding `cp1256'.

See the inputenc package documentation for explanation.
Type  H <return>  for immediate help.
 ...                                              
                                                  
l.9 ...¯Ø© Ø§Ù„Ø¹Ù…Ù„Ø§Ø¡ ÙÙŠ Ù…Ø¬Ø§Ù„Ø§Øª Ù…Ø®Øª
                                                  Ù„ÙØ©. Ùˆ ÙŠØ¤Ø«Ø± ØªÙˆØ²...

You need to provide a definition with \DeclareInputText 
or \DeclareInputMath before using this key.


! Package inputenc Error: Keyboard character used is undefined
(inputenc)                in inputencoding `cp1256'.

See the inputenc package documentation for explanation.
Type  H <return>  for immediate help.
 ...                                              
                                                  
l.9 ...© Ø§Ù„Ø¹Ù…Ù„Ø§Ø¡ ÙÙŠ Ù…Ø¬Ø§Ù„Ø§Øª Ù…Ø®ØªÙ„
                                                  ÙØ©. Ùˆ ÙŠØ¤Ø«Ø± ØªÙˆØ²ÙŠ...

You need to provide a definition with \DeclareInputText 
or \DeclareInputMath before using this key.


! LaTeX Error: Command \peh unavailable in encoding LAE.

See the LaTeX manual or LaTeX Companion for explanation.
Type  H <return>  for immediate help.
 ...                                              
                                                  
l.9 ...Ø§Ù„Ø¹Ù…Ù„Ø§Ø¡ ÙÙŠ Ù…Ø¬Ø§Ù„Ø§Øª Ù…Ø®ØªÙ„Ù
                                                  Ø©. Ùˆ ÙŠØ¤Ø«Ø± ØªÙˆØ²ÙŠØ¹...

Your command was ignored.
Type  I <command> <return>  to replace it with another command,
or  <return>  to continue without it.


! Package inputenc Error: Keyboard character used is undefined
(inputenc)                in inputencoding `cp1256'.

See the inputenc package documentation for explanation.
Type  H <return>  for immediate help.
 ...                                              
                                                  
l.9 ...Ù„Ø¹Ù…Ù„Ø§Ø¡ ÙÙŠ Ù…Ø¬Ø§Ù„Ø§Øª Ù…Ø®ØªÙ„ÙØ©
                                                  . Ùˆ ÙŠØ¤Ø«Ø± ØªÙˆØ²ÙŠØ¹ Ù...

You need to provide a definition with \DeclareInputText 
or \DeclareInputMath before using this key.


! Package inputenc Error: Keyboard character used is undefined
(inputenc)                in inputencoding `cp1256'.

See the inputenc package documentation for explanation.
Type  H <return>  for immediate help.
 ...                                              
                                                  
l.9 ...Ù…Ù„Ø§Ø¡ ÙÙŠ Ù…Ø¬Ø§Ù„Ø§Øª Ù…Ø®ØªÙ„ÙØ©. Ùˆ
                                                   ÙŠØ¤Ø«Ø± ØªÙˆØ²ÙŠØ¹ Ù…ÙƒÙ...

You need to provide a definition with \DeclareInputText 
or \DeclareInputMath before using this key.


! Package inputenc Error: Keyboard character used is undefined
(inputenc)                in inputencoding `cp1256'.

See the inputenc package documentation for explanation.
Type  H <return>  for immediate help.
 ...                                              
                                                  
l.9 ...„Ø§Ø¡ ÙÙŠ Ù…Ø¬Ø§Ù„Ø§Øª Ù…Ø®ØªÙ„ÙØ©. Ùˆ ÙŠ
                                                  Ø¤Ø«Ø± ØªÙˆØ²ÙŠØ¹ Ù…ÙƒÙˆÙ†...

You need to provide a definition with \DeclareInputText 
or \DeclareInputMath before using this key.


! Package inputenc Error: Keyboard character used is undefined
(inputenc)                in inputencoding `cp1256'.

See the inputenc package documentation for explanation.
Type  H <return>  for immediate help.
 ...                                              
                                                  
l.9 ...ÙÙŠ Ù…Ø¬Ø§Ù„Ø§Øª Ù…Ø®ØªÙ„ÙØ©. Ùˆ ÙŠØ¤Ø«Ø±
                                                   ØªÙˆØ²ÙŠØ¹ Ù…ÙƒÙˆÙ†Ø§Øª Ø...

You need to provide a definition with \DeclareInputText 
or \DeclareInputMath before using this key.


! Package inputenc Error: Keyboard character used is undefined
(inputenc)                in inputencoding `cp1256'.

See the inputenc package documentation for explanation.
Type  H <return>  for immediate help.
 ...                                              
                                                  
l.9 ...Š Ù…Ø¬Ø§Ù„Ø§Øª Ù…Ø®ØªÙ„ÙØ©. Ùˆ ÙŠØ¤Ø«Ø± Øª
                                                  ÙˆØ²ÙŠØ¹ Ù…ÙƒÙˆÙ†Ø§Øª Ø§Ù„...

You need to provide a definition with \DeclareInputText 
or \DeclareInputMath before using this key.


! Package inputenc Error: Keyboard character used is undefined
(inputenc)                in inputencoding `cp1256'.

See the inputenc package documentation for explanation.
Type  H <return>  for immediate help.
 ...                                              
                                                  
l.9 ...Ù…Ø¬Ø§Ù„Ø§Øª Ù…Ø®ØªÙ„ÙØ©. Ùˆ ÙŠØ¤Ø«Ø± ØªÙˆ
                                                  Ø²ÙŠØ¹ Ù…ÙƒÙˆÙ†Ø§Øª Ø§Ù„Ù†...

You need to provide a definition with \DeclareInputText 
or \DeclareInputMath before using this key.


! Package inputenc Error: Keyboard character used is undefined
(inputenc)                in inputencoding `cp1256'.

See the inputenc package documentation for explanation.
Type  H <return>  for immediate help.
 ...                                              
                                                  
l.9 ...Ø¬Ø§Ù„Ø§Øª Ù…Ø®ØªÙ„ÙØ©. Ùˆ ÙŠØ¤Ø«Ø± ØªÙˆØ²
                                                  ÙŠØ¹ Ù…ÙƒÙˆÙ†Ø§Øª Ø§Ù„Ù†Ø¸...

You need to provide a definition with \DeclareInputText 
or \DeclareInputMath before using this key.


! Package inputenc Error: Keyboard character used is undefined
(inputenc)                in inputencoding `cp1256'.

See the inputenc package documentation for explanation.
Type  H <return>  for immediate help.
 ...                                              
                                                  
l.9 ...Ø§Ù„Ø§Øª Ù…Ø®ØªÙ„ÙØ©. Ùˆ ÙŠØ¤Ø«Ø± ØªÙˆØ²ÙŠ
                                                  Ø¹ Ù…ÙƒÙˆÙ†Ø§Øª Ø§Ù„Ù†Ø¸Ø§...

You need to provide a definition with \DeclareInputText 
or \DeclareInputMath before using this key.


! Package inputenc Error: Keyboard character used is undefined
(inputenc)                in inputencoding `cp1256'.

See the inputenc package documentation for explanation.
Type  H <return>  for immediate help.
 ...                                              
                                                  
l.9 ...Ù„Ø§Øª Ù…Ø®ØªÙ„ÙØ©. Ùˆ ÙŠØ¤Ø«Ø± ØªÙˆØ²ÙŠØ¹
                                                   Ù…ÙƒÙˆÙ†Ø§Øª Ø§Ù„Ù†Ø¸Ø§Ù…...

You need to provide a definition with \DeclareInputText 
or \DeclareInputMath before using this key.


! Package inputenc Error: Keyboard character used is undefined
(inputenc)                in inputencoding `cp1256'.

See the inputenc package documentation for explanation.
Type  H <return>  for immediate help.
 ...                                              
                                                  
l.9 ...§Øª Ù…Ø®ØªÙ„ÙØ©. Ùˆ ÙŠØ¤Ø«Ø± ØªÙˆØ²ÙŠØ¹ Ù…
                                                  ÙƒÙˆÙ†Ø§Øª Ø§Ù„Ù†Ø¸Ø§Ù… Ø¹...

You need to provide a definition with \DeclareInputText 
or \DeclareInputMath before using this key.


! Package inputenc Error: Keyboard character used is undefined
(inputenc)                in inputencoding `cp1256'.

See the inputenc package documentation for explanation.
Type  H <return>  for immediate help.
 ...                                              
                                                  
l.9 ...ª Ù…Ø®ØªÙ„ÙØ©. Ùˆ ÙŠØ¤Ø«Ø± ØªÙˆØ²ÙŠØ¹ Ù…Ùƒ
                                                  ÙˆÙ†Ø§Øª Ø§Ù„Ù†Ø¸Ø§Ù… Ø¹Ù„...

You need to provide a definition with \DeclareInputText 
or \DeclareInputMath before using this key.


! Package inputenc Error: Keyboard character used is undefined
(inputenc)                in inputencoding `cp1256'.

See the inputenc package documentation for explanation.
Type  H <return>  for immediate help.
 ...                                              
                                                  
l.9 ...Ù…Ø®ØªÙ„ÙØ©. Ùˆ ÙŠØ¤Ø«Ø± ØªÙˆØ²ÙŠØ¹ Ù…ÙƒÙˆ
                                                  Ù†Ø§Øª Ø§Ù„Ù†Ø¸Ø§Ù… Ø¹Ù„Ù‰...

You need to provide a definition with \DeclareInputText 
or \DeclareInputMath before using this key.


! Package inputenc Error: Keyboard character used is undefined
(inputenc)                in inputencoding `cp1256'.

See the inputenc package documentation for explanation.
Type  H <return>  for immediate help.
 ...                                              
                                                  
l.9 ...Ø®ØªÙ„ÙØ©. Ùˆ ÙŠØ¤Ø«Ø± ØªÙˆØ²ÙŠØ¹ Ù…ÙƒÙˆÙ†
                                                  Ø§Øª Ø§Ù„Ù†Ø¸Ø§Ù… Ø¹Ù„Ù‰ Ø...

You need to provide a definition with \DeclareInputText 
or \DeclareInputMath before using this key.


! Package inputenc Error: Keyboard character used is undefined
(inputenc)                in inputencoding `cp1256'.

See the inputenc package documentation for explanation.
Type  H <return>  for immediate help.
 ...                                              
                                                  
l.9 ...ØªÙ„ÙØ©. Ùˆ ÙŠØ¤Ø«Ø± ØªÙˆØ²ÙŠØ¹ Ù…ÙƒÙˆÙ†Ø§
                                                  Øª Ø§Ù„Ù†Ø¸Ø§Ù… Ø¹Ù„Ù‰ Ø³Ù...

You need to provide a definition with \DeclareInputText 
or \DeclareInputMath before using this key.


! Package inputenc Error: Keyboard character used is undefined
(inputenc)                in inputencoding `cp1256'.

See the inputenc package documentation for explanation.
Type  H <return>  for immediate help.
 ...                                              
                                                  
l.9 ...Ù„ÙØ©. Ùˆ ÙŠØ¤Ø«Ø± ØªÙˆØ²ÙŠØ¹ Ù…ÙƒÙˆÙ†Ø§Øª
                                                   Ø§Ù„Ù†Ø¸Ø§Ù… Ø¹Ù„Ù‰ Ø³Ù„Ù...

You need to provide a definition with \DeclareInputText 
or \DeclareInputMath before using this key.


! Package inputenc Error: Keyboard character used is undefined
(inputenc)                in inputencoding `cp1256'.

See the inputenc package documentation for explanation.
Type  H <return>  for immediate help.
 ...                                              
                                                  
l.9 ...Ø©. Ùˆ ÙŠØ¤Ø«Ø± ØªÙˆØ²ÙŠØ¹ Ù…ÙƒÙˆÙ†Ø§Øª Ø§
                                                  Ù„Ù†Ø¸Ø§Ù… Ø¹Ù„Ù‰ Ø³Ù„ÙˆÙƒ...

You need to provide a definition with \DeclareInputText 
or \DeclareInputMath before using this key.


! Package inputenc Error: Keyboard character used is undefined
(inputenc)                in inputencoding `cp1256'.

See the inputenc package documentation for explanation.
Type  H <return>  for immediate help.
 ...                                              
                                                  
l.9 ...©. Ùˆ ÙŠØ¤Ø«Ø± ØªÙˆØ²ÙŠØ¹ Ù…ÙƒÙˆÙ†Ø§Øª Ø§Ù„
                                                  Ù†Ø¸Ø§Ù… Ø¹Ù„Ù‰ Ø³Ù„ÙˆÙƒ Ø...

You need to provide a definition with \DeclareInputText 
or \DeclareInputMath before using this key.


! Package inputenc Error: Keyboard character used is undefined
(inputenc)                in inputencoding `cp1256'.

See the inputenc package documentation for explanation.
Type  H <return>  for immediate help.
 ...                                              
                                                  
l.9 ... Ùˆ ÙŠØ¤Ø«Ø± ØªÙˆØ²ÙŠØ¹ Ù…ÙƒÙˆÙ†Ø§Øª Ø§Ù„Ù†
                                                  Ø¸Ø§Ù… Ø¹Ù„Ù‰ Ø³Ù„ÙˆÙƒ Ø§Ù...

You need to provide a definition with \DeclareInputText 
or \DeclareInputMath before using this key.


! Package inputenc Error: Keyboard character used is undefined
(inputenc)                in inputencoding `cp1256'.

See the inputenc package documentation for explanation.
Type  H <return>  for immediate help.
 ...                                              
                                                  
l.9 ...ˆ ÙŠØ¤Ø«Ø± ØªÙˆØ²ÙŠØ¹ Ù…ÙƒÙˆÙ†Ø§Øª Ø§Ù„Ù†Ø¸
                                                  Ø§Ù… Ø¹Ù„Ù‰ Ø³Ù„ÙˆÙƒ Ø§Ù„Ù...

You need to provide a definition with \DeclareInputText 
or \DeclareInputMath before using this key.


! Package inputenc Error: Keyboard character used is undefined
(inputenc)                in inputencoding `cp1256'.

See the inputenc package documentation for explanation.
Type  H <return>  for immediate help.
 ...                                              
                                                  
l.9 ...ÙŠØ¤Ø«Ø± ØªÙˆØ²ÙŠØ¹ Ù…ÙƒÙˆÙ†Ø§Øª Ø§Ù„Ù†Ø¸Ø§
                                                  Ù… Ø¹Ù„Ù‰ Ø³Ù„ÙˆÙƒ Ø§Ù„Ù†Ø...

You need to provide a definition with \DeclareInputText 
or \DeclareInputMath before using this key.


! Package inputenc Error: Keyboard character used is undefined
(inputenc)                in inputencoding `cp1256'.

See the inputenc package documentation for explanation.
Type  H <return>  for immediate help.
 ...                                              
                                                  
l.9 ...Ø¤Ø«Ø± ØªÙˆØ²ÙŠØ¹ Ù…ÙƒÙˆÙ†Ø§Øª Ø§Ù„Ù†Ø¸Ø§Ù…
                                                   Ø¹Ù„Ù‰ Ø³Ù„ÙˆÙƒ Ø§Ù„Ù†Ø¸Ø...

You need to provide a definition with \DeclareInputText 
or \DeclareInputMath before using this key.


! Package inputenc Error: Keyboard character used is undefined
(inputenc)                in inputencoding `cp1256'.

See the inputenc package documentation for explanation.
Type  H <return>  for immediate help.
 ...                                              
                                                  
l.9 ...«Ø± ØªÙˆØ²ÙŠØ¹ Ù…ÙƒÙˆÙ†Ø§Øª Ø§Ù„Ù†Ø¸Ø§Ù… Ø¹
                                                  Ù„Ù‰ Ø³Ù„ÙˆÙƒ Ø§Ù„Ù†Ø¸Ø§Ù…...

You need to provide a definition with \DeclareInputText 
or \DeclareInputMath before using this key.


! Package inputenc Error: Keyboard character used is undefined
(inputenc)                in inputencoding `cp1256'.

See the inputenc package documentation for explanation.
Type  H <return>  for immediate help.
 ...                                              
                                                  
l.9 ...± ØªÙˆØ²ÙŠØ¹ Ù…ÙƒÙˆÙ†Ø§Øª Ø§Ù„Ù†Ø¸Ø§Ù… Ø¹Ù„
                                                  Ù‰ Ø³Ù„ÙˆÙƒ Ø§Ù„Ù†Ø¸Ø§Ù…ØŒ...

You need to provide a definition with \DeclareInputText 
or \DeclareInputMath before using this key.


! Package inputenc Error: Keyboard character used is undefined
(inputenc)                in inputencoding `cp1256'.

See the inputenc package documentation for explanation.
Type  H <return>  for immediate help.
 ...                                              
                                                  
l.9 ...ØªÙˆØ²ÙŠØ¹ Ù…ÙƒÙˆÙ†Ø§Øª Ø§Ù„Ù†Ø¸Ø§Ù… Ø¹Ù„Ù‰
                                                   Ø³Ù„ÙˆÙƒ Ø§Ù„Ù†Ø¸Ø§Ù…ØŒ Ù...

You need to provide a definition with \DeclareInputText 
or \DeclareInputMath before using this key.


! Package inputenc Error: Keyboard character used is undefined
(inputenc)                in inputencoding `cp1256'.

See the inputenc package documentation for explanation.
Type  H <return>  for immediate help.
 ...                                              
                                                  
l.9 ...ˆØ²ÙŠØ¹ Ù…ÙƒÙˆÙ†Ø§Øª Ø§Ù„Ù†Ø¸Ø§Ù… Ø¹Ù„Ù‰ Ø³
                                                  Ù„ÙˆÙƒ Ø§Ù„Ù†Ø¸Ø§Ù…ØŒ Ù…Ù†...

You need to provide a definition with \DeclareInputText 
or \DeclareInputMath before using this key.


! Package inputenc Error: Keyboard character used is undefined
(inputenc)                in inputencoding `cp1256'.

See the inputenc package documentation for explanation.
Type  H <return>  for immediate help.
 ...                                              
                                                  
l.9 ...²ÙŠØ¹ Ù…ÙƒÙˆÙ†Ø§Øª Ø§Ù„Ù†Ø¸Ø§Ù… Ø¹Ù„Ù‰ Ø³Ù„
                                                  ÙˆÙƒ Ø§Ù„Ù†Ø¸Ø§Ù…ØŒ Ù…Ù† Ø...

You need to provide a definition with \DeclareInputText 
or \DeclareInputMath before using this key.


! Package inputenc Error: Keyboard character used is undefined
(inputenc)                in inputencoding `cp1256'.

See the inputenc package documentation for explanation.
Type  H <return>  for immediate help.
 ...                                              
                                                  
l.9 ...ŠØ¹ Ù…ÙƒÙˆÙ†Ø§Øª Ø§Ù„Ù†Ø¸Ø§Ù… Ø¹Ù„Ù‰ Ø³Ù„Ùˆ
                                                  Ùƒ Ø§Ù„Ù†Ø¸Ø§Ù…ØŒ Ù…Ù† Ø®Ù...

You need to provide a definition with \DeclareInputText 
or \DeclareInputMath before using this key.


! Package inputenc Error: Keyboard character used is undefined
(inputenc)                in inputencoding `cp1256'.

See the inputenc package documentation for explanation.
Type  H <return>  for immediate help.
 ...                                              
                                                  
l.9 ...¹ Ù…ÙƒÙˆÙ†Ø§Øª Ø§Ù„Ù†Ø¸Ø§Ù… Ø¹Ù„Ù‰ Ø³Ù„ÙˆÙƒ
                                                   Ø§Ù„Ù†Ø¸Ø§Ù…ØŒ Ù…Ù† Ø®Ù„Ø...

You need to provide a definition with \DeclareInputText 
or \DeclareInputMath before using this key.


! Package inputenc Error: Keyboard character used is undefined
(inputenc)                in inputencoding `cp1256'.

See the inputenc package documentation for explanation.
Type  H <return>  for immediate help.
 ...                                              
                                                  
l.9 ...…ÙƒÙˆÙ†Ø§Øª Ø§Ù„Ù†Ø¸Ø§Ù… Ø¹Ù„Ù‰ Ø³Ù„ÙˆÙƒ Ø§
                                                  Ù„Ù†Ø¸Ø§Ù…ØŒ Ù…Ù† Ø®Ù„Ø§Ù„...

You need to provide a definition with \DeclareInputText 
or \DeclareInputMath before using this key.


! Package inputenc Error: Keyboard character used is undefined
(inputenc)                in inputencoding `cp1256'.

See the inputenc package documentation for explanation.
Type  H <return>  for immediate help.
 ...                                              
                                                  
l.9 ...ƒÙˆÙ†Ø§Øª Ø§Ù„Ù†Ø¸Ø§Ù… Ø¹Ù„Ù‰ Ø³Ù„ÙˆÙƒ Ø§Ù„
                                                  Ù†Ø¸Ø§Ù…ØŒ Ù…Ù† Ø®Ù„Ø§Ù„ Ø...

You need to provide a definition with \DeclareInputText 
or \DeclareInputMath before using this key.


! Package inputenc Error: Keyboard character used is undefined
(inputenc)                in inputencoding `cp1256'.

See the inputenc package documentation for explanation.
Type  H <return>  for immediate help.
 ...                                              
                                                  
l.9 ...ˆÙ†Ø§Øª Ø§Ù„Ù†Ø¸Ø§Ù… Ø¹Ù„Ù‰ Ø³Ù„ÙˆÙƒ Ø§Ù„Ù†
                                                  Ø¸Ø§Ù…ØŒ Ù…Ù† Ø®Ù„Ø§Ù„ Ø¹Ø...

You need to provide a definition with \DeclareInputText 
or \DeclareInputMath before using this key.


! Package inputenc Error: Keyboard character used is undefined
(inputenc)                in inputencoding `cp1256'.

See the inputenc package documentation for explanation.
Type  H <return>  for immediate help.
 ...                                              
                                                  
l.9 ...†Ø§Øª Ø§Ù„Ù†Ø¸Ø§Ù… Ø¹Ù„Ù‰ Ø³Ù„ÙˆÙƒ Ø§Ù„Ù†Ø¸
                                                  Ø§Ù…ØŒ Ù…Ù† Ø®Ù„Ø§Ù„ Ø¹Ø¯Ù...

You need to provide a definition with \DeclareInputText 
or \DeclareInputMath before using this key.


! Package inputenc Error: Keyboard character used is undefined
(inputenc)                in inputencoding `cp1256'.

See the inputenc package documentation for explanation.
Type  H <return>  for immediate help.
 ...                                              
                                                  
l.9 ...§Øª Ø§Ù„Ù†Ø¸Ø§Ù… Ø¹Ù„Ù‰ Ø³Ù„ÙˆÙƒ Ø§Ù„Ù†Ø¸Ø§
                                                  Ù…ØŒ Ù…Ù† Ø®Ù„Ø§Ù„ Ø¹Ø¯Ù… ...

You need to provide a definition with \DeclareInputText 
or \DeclareInputMath before using this key.


! Package inputenc Error: Keyboard character used is undefined
(inputenc)                in inputencoding `cp1256'.

See the inputenc package documentation for explanation.
Type  H <return>  for immediate help.
 ...                                              
                                                  
l.9 ...ª Ø§Ù„Ù†Ø¸Ø§Ù… Ø¹Ù„Ù‰ Ø³Ù„ÙˆÙƒ Ø§Ù„Ù†Ø¸Ø§Ù…
                                                  ØŒ Ù…Ù† Ø®Ù„Ø§Ù„ Ø¹Ø¯Ù… Ø§...

You need to provide a definition with \DeclareInputText 
or \DeclareInputMath before using this key.


! Package inputenc Error: Keyboard character used is undefined
(inputenc)                in inputencoding `cp1256'.

See the inputenc package documentation for explanation.
Type  H <return>  for immediate help.
 ...                                              
                                                  
l.9 ...Ø§Ù„Ù†Ø¸Ø§Ù… Ø¹Ù„Ù‰ Ø³Ù„ÙˆÙƒ Ø§Ù„Ù†Ø¸Ø§Ù…ØŒ
                                                   Ù…Ù† Ø®Ù„Ø§Ù„ Ø¹Ø¯Ù… Ø§Ø®...

You need to provide a definition with \DeclareInputText 
or \DeclareInputMath before using this key.


! Package inputenc Error: Keyboard character used is undefined
(inputenc)                in inputencoding `cp1256'.

See the inputenc package documentation for explanation.
Type  H <return>  for immediate help.
 ...                                              
                                                  
l.9 ...„Ù†Ø¸Ø§Ù… Ø¹Ù„Ù‰ Ø³Ù„ÙˆÙƒ Ø§Ù„Ù†Ø¸Ø§Ù…ØŒ Ù…
                                                  Ù† Ø®Ù„Ø§Ù„ Ø¹Ø¯Ù… Ø§Ø®ØªÙ...

You need to provide a definition with \DeclareInputText 
or \DeclareInputMath before using this key.


! Package inputenc Error: Keyboard character used is undefined
(inputenc)                in inputencoding `cp1256'.

See the inputenc package documentation for explanation.
Type  H <return>  for immediate help.
 ...                                              
                                                  
l.9 ...†Ø¸Ø§Ù… Ø¹Ù„Ù‰ Ø³Ù„ÙˆÙƒ Ø§Ù„Ù†Ø¸Ø§Ù…ØŒ Ù…Ù†
                                                   Ø®Ù„Ø§Ù„ Ø¹Ø¯Ù… Ø§Ø®ØªÙŠØ...

You need to provide a definition with \DeclareInputText 
or \DeclareInputMath before using this key.


! Package inputenc Error: Keyboard character used is undefined
(inputenc)                in inputencoding `cp1256'.

See the inputenc package documentation for explanation.
Type  H <return>  for immediate help.
 ...                                              
                                                  
l.9 ...Ø§Ù… Ø¹Ù„Ù‰ Ø³Ù„ÙˆÙƒ Ø§Ù„Ù†Ø¸Ø§Ù…ØŒ Ù…Ù† Ø®
                                                  Ù„Ø§Ù„ Ø¹Ø¯Ù… Ø§Ø®ØªÙŠØ§Ø±...

You need to provide a definition with \DeclareInputText 
or \DeclareInputMath before using this key.


! Package inputenc Error: Keyboard character used is undefined
(inputenc)                in inputencoding `cp1256'.

See the inputenc package documentation for explanation.
Type  H <return>  for immediate help.
 ...                                              
                                                  
l.9 ...Ù… Ø¹Ù„Ù‰ Ø³Ù„ÙˆÙƒ Ø§Ù„Ù†Ø¸Ø§Ù…ØŒ Ù…Ù† Ø®Ù„
                                                  Ø§Ù„ Ø¹Ø¯Ù… Ø§Ø®ØªÙŠØ§Ø± Ø...

You need to provide a definition with \DeclareInputText 
or \DeclareInputMath before using this key.


! Package inputenc Error: Keyboard character used is undefined
(inputenc)                in inputencoding `cp1256'.

See the inputenc package documentation for explanation.
Type  H <return>  for immediate help.
 ...                                              
                                                  
l.9 ... Ø¹Ù„Ù‰ Ø³Ù„ÙˆÙƒ Ø§Ù„Ù†Ø¸Ø§Ù…ØŒ Ù…Ù† Ø®Ù„Ø§
                                                  Ù„ Ø¹Ø¯Ù… Ø§Ø®ØªÙŠØ§Ø± Ø§Ù...

You need to provide a definition with \DeclareInputText 
or \DeclareInputMath before using this key.


! Package inputenc Error: Keyboard character used is undefined
(inputenc)                in inputencoding `cp1256'.

See the inputenc package documentation for explanation.
Type  H <return>  for immediate help.
 ...                                              
                                                  
l.9 ...¹Ù„Ù‰ Ø³Ù„ÙˆÙƒ Ø§Ù„Ù†Ø¸Ø§Ù…ØŒ Ù…Ù† Ø®Ù„Ø§Ù„
                                                   Ø¹Ø¯Ù… Ø§Ø®ØªÙŠØ§Ø± Ø§Ù„Ù...

You need to provide a definition with \DeclareInputText 
or \DeclareInputMath before using this key.


! Package inputenc Error: Keyboard character used is undefined
(inputenc)                in inputencoding `cp1256'.

See the inputenc package documentation for explanation.
Type  H <return>  for immediate help.
 ...                                              
                                                  
l.9 ...Ù‰ Ø³Ù„ÙˆÙƒ Ø§Ù„Ù†Ø¸Ø§Ù…ØŒ Ù…Ù† Ø®Ù„Ø§Ù„ Ø¹
                                                  Ø¯Ù… Ø§Ø®ØªÙŠØ§Ø± Ø§Ù„Ù…Ùƒ...

You need to provide a definition with \DeclareInputText 
or \DeclareInputMath before using this key.


! Package inputenc Error: Keyboard character used is undefined
(inputenc)                in inputencoding `cp1256'.

See the inputenc package documentation for explanation.
Type  H <return>  for immediate help.
 ...                                              
                                                  
l.9 ...³Ù„ÙˆÙƒ Ø§Ù„Ù†Ø¸Ø§Ù…ØŒ Ù…Ù† Ø®Ù„Ø§Ù„ Ø¹Ø¯Ù…
                                                   Ø§Ø®ØªÙŠØ§Ø± Ø§Ù„Ù…ÙƒÙˆÙ†...

You need to provide a definition with \DeclareInputText 
or \DeclareInputMath before using this key.


! Package inputenc Error: Keyboard character used is undefined
(inputenc)                in inputencoding `cp1256'.

See the inputenc package documentation for explanation.
Type  H <return>  for immediate help.
 ...                                              
                                                  
l.9 ...ÙˆÙƒ Ø§Ù„Ù†Ø¸Ø§Ù…ØŒ Ù…Ù† Ø®Ù„Ø§Ù„ Ø¹Ø¯Ù… Ø§
                                                  Ø®ØªÙŠØ§Ø± Ø§Ù„Ù…ÙƒÙˆÙ† (Ø...

You need to provide a definition with \DeclareInputText 
or \DeclareInputMath before using this key.


! Package inputenc Error: Keyboard character used is undefined
(inputenc)                in inputencoding `cp1256'.

See the inputenc package documentation for explanation.
Type  H <return>  for immediate help.
 ...                                              
                                                  
l.9 ...Ùƒ Ø§Ù„Ù†Ø¸Ø§Ù…ØŒ Ù…Ù† Ø®Ù„Ø§Ù„ Ø¹Ø¯Ù… Ø§Ø®
                                                  ØªÙŠØ§Ø± Ø§Ù„Ù…ÙƒÙˆÙ† (Ø§Ù...

You need to provide a definition with \DeclareInputText 
or \DeclareInputMath before using this key.


! Package inputenc Error: Keyboard character used is undefined
(inputenc)                in inputencoding `cp1256'.

See the inputenc package documentation for explanation.
Type  H <return>  for immediate help.
 ...                                              
                                                  
l.9 ... Ø§Ù„Ù†Ø¸Ø§Ù…ØŒ Ù…Ù† Ø®Ù„Ø§Ù„ Ø¹Ø¯Ù… Ø§Ø®Øª
                                                  ÙŠØ§Ø± Ø§Ù„Ù…ÙƒÙˆÙ† (Ø§Ù„Ø...

You need to provide a definition with \DeclareInputText 
or \DeclareInputMath before using this key.


! Package inputenc Error: Keyboard character used is undefined
(inputenc)                in inputencoding `cp1256'.

See the inputenc package documentation for explanation.
Type  H <return>  for immediate help.
 ...                                              
                                                  
l.9 ...§Ù„Ù†Ø¸Ø§Ù…ØŒ Ù…Ù† Ø®Ù„Ø§Ù„ Ø¹Ø¯Ù… Ø§Ø®ØªÙŠ
                                                  Ø§Ø± Ø§Ù„Ù…ÙƒÙˆÙ† (Ø§Ù„Ø¹Ù...

You need to provide a definition with \DeclareInputText 
or \DeclareInputMath before using this key.


! Package inputenc Error: Keyboard character used is undefined
(inputenc)                in inputencoding `cp1256'.

See the inputenc package documentation for explanation.
Type  H <return>  for immediate help.
 ...                                              
                                                  
l.9 ...„Ù†Ø¸Ø§Ù…ØŒ Ù…Ù† Ø®Ù„Ø§Ù„ Ø¹Ø¯Ù… Ø§Ø®ØªÙŠØ§
                                                  Ø± Ø§Ù„Ù…ÙƒÙˆÙ† (Ø§Ù„Ø¹Ù…Ù...

You need to provide a definition with \DeclareInputText 
or \DeclareInputMath before using this key.


! Package inputenc Error: Keyboard character used is undefined
(inputenc)                in inputencoding `cp1256'.

See the inputenc package documentation for explanation.
Type  H <return>  for immediate help.
 ...                                              
                                                  
l.9 ...†Ø¸Ø§Ù…ØŒ Ù…Ù† Ø®Ù„Ø§Ù„ Ø¹Ø¯Ù… Ø§Ø®ØªÙŠØ§Ø±
                                                   Ø§Ù„Ù…ÙƒÙˆÙ† (Ø§Ù„Ø¹Ù…ÙŠÙ...

You need to provide a definition with \DeclareInputText 
or \DeclareInputMath before using this key.


! Package inputenc Error: Keyboard character used is undefined
(inputenc)                in inputencoding `cp1256'.

See the inputenc package documentation for explanation.
Type  H <return>  for immediate help.
 ...                                              
                                                  
l.9 ...Ø§Ù…ØŒ Ù…Ù† Ø®Ù„Ø§Ù„ Ø¹Ø¯Ù… Ø§Ø®ØªÙŠØ§Ø± Ø§
                                                  Ù„Ù…ÙƒÙˆÙ† (Ø§Ù„Ø¹Ù…ÙŠÙ„) ...

You need to provide a definition with \DeclareInputText 
or \DeclareInputMath before using this key.


! Package inputenc Error: Keyboard character used is undefined
(inputenc)                in inputencoding `cp1256'.

See the inputenc package documentation for explanation.
Type  H <return>  for immediate help.
 ...                                              
                                                  
l.9 ...Ù…ØŒ Ù…Ù† Ø®Ù„Ø§Ù„ Ø¹Ø¯Ù… Ø§Ø®ØªÙŠØ§Ø± Ø§Ù„
                                                  Ù…ÙƒÙˆÙ† (Ø§Ù„Ø¹Ù…ÙŠÙ„) Ø§...

You need to provide a definition with \DeclareInputText 
or \DeclareInputMath before using this key.


! Package inputenc Error: Keyboard character used is undefined
(inputenc)                in inputencoding `cp1256'.

See the inputenc package documentation for explanation.
Type  H <return>  for immediate help.
 ...                                              
                                                  
l.9 ...ØŒ Ù…Ù† Ø®Ù„Ø§Ù„ Ø¹Ø¯Ù… Ø§Ø®ØªÙŠØ§Ø± Ø§Ù„Ù…
                                                  ÙƒÙˆÙ† (Ø§Ù„Ø¹Ù…ÙŠÙ„) Ø§Ù„...

You need to provide a definition with \DeclareInputText 
or \DeclareInputMath before using this key.


! Package inputenc Error: Keyboard character used is undefined
(inputenc)                in inputencoding `cp1256'.

See the inputenc package documentation for explanation.
Type  H <return>  for immediate help.
 ...                                              
                                                  
l.9 ... Ù…Ù† Ø®Ù„Ø§Ù„ Ø¹Ø¯Ù… Ø§Ø®ØªÙŠØ§Ø± Ø§Ù„Ù…Ùƒ
                                                  ÙˆÙ† (Ø§Ù„Ø¹Ù…ÙŠÙ„) Ø§Ù„Ø£...

You need to provide a definition with \DeclareInputText 
or \DeclareInputMath before using this key.


! Package inputenc Error: Keyboard character used is undefined
(inputenc)                in inputencoding `cp1256'.

See the inputenc package documentation for explanation.
Type  H <return>  for immediate help.
 ...                                              
                                                  
l.9 ...…Ù† Ø®Ù„Ø§Ù„ Ø¹Ø¯Ù… Ø§Ø®ØªÙŠØ§Ø± Ø§Ù„Ù…ÙƒÙˆ
                                                  Ù† (Ø§Ù„Ø¹Ù…ÙŠÙ„) Ø§Ù„Ø£Ù...

You need to provide a definition with \DeclareInputText 
or \DeclareInputMath before using this key.


! Package inputenc Error: Keyboard character used is undefined
(inputenc)                in inputencoding `cp1256'.

See the inputenc package documentation for explanation.
Type  H <return>  for immediate help.
 ...                                              
                                                  
l.9 ...† Ø®Ù„Ø§Ù„ Ø¹Ø¯Ù… Ø§Ø®ØªÙŠØ§Ø± Ø§Ù„Ù…ÙƒÙˆÙ†
                                                   (Ø§Ù„Ø¹Ù…ÙŠÙ„) Ø§Ù„Ø£ÙØ¶...

You need to provide a definition with \DeclareInputText 
or \DeclareInputMath before using this key.


! Package inputenc Error: Keyboard character used is undefined
(inputenc)                in inputencoding `cp1256'.

See the inputenc package documentation for explanation.
Type  H <return>  for immediate help.
 ...                                              
                                                  
l.9 ...Ù„Ø§Ù„ Ø¹Ø¯Ù… Ø§Ø®ØªÙŠØ§Ø± Ø§Ù„Ù…ÙƒÙˆÙ† (Ø§
                                                  Ù„Ø¹Ù…ÙŠÙ„) Ø§Ù„Ø£ÙØ¶Ù„ Ù...

You need to provide a definition with \DeclareInputText 
or \DeclareInputMath before using this key.


! Package inputenc Error: Keyboard character used is undefined
(inputenc)                in inputencoding `cp1256'.

See the inputenc package documentation for explanation.
Type  H <return>  for immediate help.
 ...                                              
                                                  
l.9 ...Ø§Ù„ Ø¹Ø¯Ù… Ø§Ø®ØªÙŠØ§Ø± Ø§Ù„Ù…ÙƒÙˆÙ† (Ø§Ù„
                                                  Ø¹Ù…ÙŠÙ„) Ø§Ù„Ø£ÙØ¶Ù„ Ù„Ù...

You need to provide a definition with \DeclareInputText 
or \DeclareInputMath before using this key.


! Package inputenc Error: Keyboard character used is undefined
(inputenc)                in inputencoding `cp1256'.

See the inputenc package documentation for explanation.
Type  H <return>  for immediate help.
 ...                                              
                                                  
l.9 ...Ù„ Ø¹Ø¯Ù… Ø§Ø®ØªÙŠØ§Ø± Ø§Ù„Ù…ÙƒÙˆÙ† (Ø§Ù„Ø¹
                                                  Ù…ÙŠÙ„) Ø§Ù„Ø£ÙØ¶Ù„ Ù„Ù„Ø...

You need to provide a definition with \DeclareInputText 
or \DeclareInputMath before using this key.


! Package inputenc Error: Keyboard character used is undefined
(inputenc)                in inputencoding `cp1256'.

See the inputenc package documentation for explanation.
Type  H <return>  for immediate help.
 ...                                              
                                                  
l.9 ... Ø¹Ø¯Ù… Ø§Ø®ØªÙŠØ§Ø± Ø§Ù„Ù…ÙƒÙˆÙ† (Ø§Ù„Ø¹Ù…
                                                  ÙŠÙ„) Ø§Ù„Ø£ÙØ¶Ù„ Ù„Ù„Ø¹Ø...

You need to provide a definition with \DeclareInputText 
or \DeclareInputMath before using this key.


! Package inputenc Error: Keyboard character used is undefined
(inputenc)                in inputencoding `cp1256'.

See the inputenc package documentation for explanation.
Type  H <return>  for immediate help.
 ...                                              
                                                  
l.9 ...¹Ø¯Ù… Ø§Ø®ØªÙŠØ§Ø± Ø§Ù„Ù…ÙƒÙˆÙ† (Ø§Ù„Ø¹Ù…ÙŠ
                                                  Ù„) Ø§Ù„Ø£ÙØ¶Ù„ Ù„Ù„Ø¹Ø¨ ...

You need to provide a definition with \DeclareInputText 
or \DeclareInputMath before using this key.


! Package inputenc Error: Keyboard character used is undefined
(inputenc)                in inputencoding `cp1256'.

See the inputenc package documentation for explanation.
Type  H <return>  for immediate help.
 ...                                              
                                                  
l.9 ...¯Ù… Ø§Ø®ØªÙŠØ§Ø± Ø§Ù„Ù…ÙƒÙˆÙ† (Ø§Ù„Ø¹Ù…ÙŠÙ„
                                                  ) Ø§Ù„Ø£ÙØ¶Ù„ Ù„Ù„Ø¹Ø¨ Ø§...

You need to provide a definition with \DeclareInputText 
or \DeclareInputMath before using this key.


! Package inputenc Error: Keyboard character used is undefined
(inputenc)                in inputencoding `cp1256'.

See the inputenc package documentation for explanation.
Type  H <return>  for immediate help.
 ...                                              
                                                  
l.9 ...Ø§Ø®ØªÙŠØ§Ø± Ø§Ù„Ù…ÙƒÙˆÙ† (Ø§Ù„Ø¹Ù…ÙŠÙ„) Ø§
                                                  Ù„Ø£ÙØ¶Ù„ Ù„Ù„Ø¹Ø¨ Ø§Ù„Ø¯...

You need to provide a definition with \DeclareInputText 
or \DeclareInputMath before using this key.


! Package inputenc Error: Keyboard character used is undefined
(inputenc)                in inputencoding `cp1256'.

See the inputenc package documentation for explanation.
Type  H <return>  for immediate help.
 ...                                              
                                                  
l.9 ...Ø®ØªÙŠØ§Ø± Ø§Ù„Ù…ÙƒÙˆÙ† (Ø§Ù„Ø¹Ù…ÙŠÙ„) Ø§Ù„
                                                  Ø£ÙØ¶Ù„ Ù„Ù„Ø¹Ø¨ Ø§Ù„Ø¯Ùˆ...
(That makes 100 errors; please try again.) 
Here is how much of TeX's memory you used:
 3082 strings out of 494916
 39801 string characters out of 6179434
 101210 words of memory out of 5000000
 6361 multiletter control sequences out of 15000+600000
 13133 words of font info for 18 fonts, out of 8000000 for 9000
 14 hyphenation exceptions out of 8191
 28i,0n,43p,577b,514s stack positions out of 5000i,500n,10000p,200000b,80000s

No pages of output.
