\BOOKMARK [0][]{section*.1}{\376\377\000\040\000C\000o\000n\000t\000e\000n\000t\000s}{}% 1
\BOOKMARK [0][]{section*.3}{\376\377\000\040\000L\000i\000s\000t\000\040\000o\000f\000\040\000F\000i\000g\000u\000r\000e\000s\000\040}{}% 2
\BOOKMARK [0][]{section*.5}{\376\377\000\040\000L\000i\000s\000t\000\040\000o\000f\000\040\000T\000a\000b\000l\000e\000s}{}% 3
\BOOKMARK [0][]{chapter.1}{\376\377\0001\000\040\000O\000r\000g\000a\000n\000i\000z\000a\000t\000i\000o\000n\000\040\000M\000u\000l\000t\000i\000-\000A\000g\000e\000n\000t\000\040\000S\000y\000s\000t\000e\000m}{}% 4
\BOOKMARK [1][-]{section.1.1}{\376\377\0001\000.\0001\000\040\000\040\000O\000r\000g\000a\000n\000i\000z\000a\000t\000i\000o\000n\000\040\000M\000u\000l\000t\000i\000-\000A\000g\000e\000n\000t\000\040\000S\000y\000s\000t\000e\000m\000\040\000E\000n\000g\000i\000n\000e\000e\000r\000i\000n\000g}{chapter.1}% 5
\BOOKMARK [2][-]{subsection.1.1.1}{\376\377\0001\000.\0001\000.\0001\000\040\000\040\000O\000v\000e\000r\000v\000i\000e\000w\000\040\000o\000f\000\040\000O\000-\000M\000a\000S\000E\000\040}{section.1.1}% 6
\BOOKMARK [2][-]{subsection.1.1.2}{\376\377\0001\000.\0001\000.\0002\000\040\000\040\000T\000h\000e\000\040\000G\000o\000a\000l\000\040\000o\000f\000\040\000O\000-\000M\000a\000S\000E\000\040}{section.1.1}% 7
\BOOKMARK [1][-]{section.1.2}{\376\377\0001\000.\0002\000\040\000\040\000O\000r\000g\000a\000n\000i\000z\000a\000t\000i\000o\000n\000\040\000M\000o\000d\000e\000l\000\040\000f\000o\000r\000\040\000A\000d\000a\000p\000t\000i\000v\000e\000\040\000C\000o\000m\000p\000u\000t\000a\000t\000i\000o\000n\000a\000l\000\040\000S\000y\000s\000t\000e\000m\000\040}{chapter.1}% 8
\BOOKMARK [2][-]{subsection.1.2.1}{\376\377\0001\000.\0002\000.\0001\000\040\000\040\000O\000v\000e\000r\000v\000i\000e\000w\000\040\000o\000f\000\040\000O\000M\000A\000C\000S\000\040}{section.1.2}% 9
\BOOKMARK [2][-]{subsection.1.2.2}{\376\377\0001\000.\0002\000.\0002\000\040\000M\000a\000i\000n\000\040\000E\000l\000e\000m\000e\000n\000t\000\040\000o\000f\000\040\000O\000M\000A\000C\000S}{section.1.2}% 10
\BOOKMARK [3][-]{subsubsection.1.2.2.1}{\376\377\0001\000.\0002\000.\0002\000.\0001\000\040\000G\000o\000a\000l\000s}{subsection.1.2.2}% 11
\BOOKMARK [3][-]{subsubsection.1.2.2.2}{\376\377\0001\000.\0002\000.\0002\000.\0002\000\040\000R\000o\000l\000e\000s\000\040}{subsection.1.2.2}% 12
\BOOKMARK [3][-]{subsubsection.1.2.2.3}{\376\377\0001\000.\0002\000.\0002\000.\0003\000\040\000\040\000A\000g\000e\000n\000t\000s}{subsection.1.2.2}% 13
\BOOKMARK [3][-]{subsubsection.1.2.2.4}{\376\377\0001\000.\0002\000.\0002\000.\0004\000\040\000\040\000C\000a\000p\000a\000b\000i\000l\000i\000t\000i\000e\000s\000\040}{subsection.1.2.2}% 14
\BOOKMARK [3][-]{subsubsection.1.2.2.5}{\376\377\0001\000.\0002\000.\0002\000.\0005\000\040\000\040\000T\000h\000e\000\040\000T\000u\000p\000l\000e\000\040\000\040}{subsection.1.2.2}% 15
\BOOKMARK [3][-]{subsubsection.1.2.2.6}{\376\377\0001\000.\0002\000.\0002\000.\0006\000\040\000\040\000O\000A\000F\000\040}{subsection.1.2.2}% 16
\BOOKMARK [3][-]{subsubsection.1.2.2.7}{\376\377\0001\000.\0002\000.\0002\000.\0007\000\040\000\040\000D\000o\000m\000a\000i\000n\000\040\000M\000o\000d\000e\000l\000\040}{subsection.1.2.2}% 17
\BOOKMARK [2][-]{subsection.1.2.3}{\376\377\0001\000.\0002\000.\0003\000\040\000\040\000F\000u\000n\000c\000t\000i\000o\000n\000\040\000o\000f\000\040\000O\000M\000A\000C\000S\000\040}{section.1.2}% 18
\BOOKMARK [3][-]{subsubsection.1.2.3.1}{\376\377\0001\000.\0002\000.\0003\000.\0001\000\040\000T\000h\000e\000\040\000A\000c\000h\000i\000e\000v\000e\000s}{subsection.1.2.3}% 19
\BOOKMARK [3][-]{subsubsection.1.2.3.2}{\376\377\0001\000.\0002\000.\0003\000.\0002\000\040\000R\000e\000q\000u\000i\000r\000e\000s}{subsection.1.2.3}% 20
\BOOKMARK [3][-]{subsubsection.1.2.3.3}{\376\377\0001\000.\0002\000.\0003\000.\0003\000\040\000P\000o\000s\000s\000e\000s\000s\000e\000s}{subsection.1.2.3}% 21
\BOOKMARK [3][-]{subsubsection.1.2.3.4}{\376\377\0001\000.\0002\000.\0003\000.\0004\000\040\000C\000a\000p\000a\000b\000l\000e}{subsection.1.2.3}% 22
\BOOKMARK [3][-]{subsubsection.1.2.3.5}{\376\377\0001\000.\0002\000.\0003\000.\0005\000\040\000P\000o\000t\000e\000n\000t\000i\000a\000l}{subsection.1.2.3}% 23
\BOOKMARK [1][-]{section.1.3}{\376\377\0001\000.\0003\000\040\000\040\000O\000r\000g\000a\000n\000i\000z\000a\000t\000i\000o\000n\000\040\000\046\000\040\000R\000e\000o\000r\000g\000a\000n\000i\000z\000a\000t\000i\000o\000n\000\040\000D\000y\000n\000a\000m\000i\000c\000\040\000S\000y\000s\000t\000e\000m}{chapter.1}% 24
\BOOKMARK [2][-]{subsection.1.3.1}{\376\377\0001\000.\0003\000.\0001\000\040\000\040\000O\000r\000g\000a\000n\000i\000z\000a\000t\000i\000o\000n\000\040\000a\000n\000d\000\040\000R\000e\000o\000r\000g\000a\000n\000i\000z\000a\000t\000i\000o\000n\000\040}{section.1.3}% 25
\BOOKMARK [3][-]{subsubsection.1.3.1.1}{\376\377\0001\000.\0003\000.\0001\000.\0001\000\040\000\040\000G\000o\000a\000l\000\040\000S\000e\000t\000\040\000C\000h\000a\000n\000g\000e\000s\000\040}{subsection.1.3.1}% 26
\BOOKMARK [3][-]{subsubsection.1.3.1.2}{\376\377\0001\000.\0003\000.\0001\000.\0002\000\040\000A\000g\000e\000n\000t\000\040\000C\000h\000a\000n\000g\000e\000s\000\040}{subsection.1.3.1}% 27
\BOOKMARK [2][-]{subsection.1.3.2}{\376\377\0001\000.\0003\000.\0002\000\040\000\040\000R\000e\000o\000r\000g\000a\000n\000i\000z\000a\000t\000i\000o\000n\000\040}{section.1.3}% 28
\BOOKMARK [3][-]{subsubsection.1.3.2.1}{\376\377\0001\000.\0003\000.\0002\000.\0001\000\040\000\040\000G\000e\000n\000e\000r\000a\000l\000\040\000P\000u\000r\000p\000o\000s\000e\000\040\000R\000e\000o\000r\000g\000a\000n\000i\000z\000a\000t\000i\000o\000n\000\040\000E\000x\000a\000m\000p\000l\000e\000s\000\040}{subsection.1.3.2}% 29
\BOOKMARK [1][-]{section.1.4}{\376\377\0001\000.\0004\000\040\000C\000o\000n\000c\000l\000u\000s\000i\000o\000n}{chapter.1}% 30
\BOOKMARK [0][]{chapter.2}{\376\377\0002\000\040\000P\000G\000r\000a\000p\000h\000\040\000a\000n\000d\000\040\000P\000N\000S}{}% 31
\BOOKMARK [1][-]{section.2.1}{\376\377\0002\000.\0001\000\040\000\040\000P\000G\000r\000a\000p\000h\000\040}{chapter.2}% 32
\BOOKMARK [2][-]{subsection.2.1.1}{\376\377\0002\000.\0001\000.\0001\000\040\000\040\000G\000e\000n\000e\000r\000a\000l\000\040\000D\000e\000f\000i\000n\000i\000t\000i\000o\000n\000\040\000o\000f\000\040\000P\000-\000G\000r\000a\000p\000h\000\040}{section.2.1}% 33
\BOOKMARK [1][-]{section.2.2}{\376\377\0002\000.\0002\000\040\000\040\000P\000r\000o\000c\000e\000s\000s\000\040\000N\000e\000t\000w\000o\000r\000k\000\040\000S\000y\000n\000t\000h\000e\000s\000i\000s\000\040}{chapter.2}% 34
\BOOKMARK [2][-]{subsection.2.2.1}{\376\377\0002\000.\0002\000.\0001\000\040\000\040\000B\000a\000s\000i\000c\000\040\000N\000o\000t\000a\000t\000i\000o\000n\000\040}{section.2.2}% 35
\BOOKMARK [2][-]{subsection.2.2.2}{\376\377\0002\000.\0002\000.\0002\000\040\000M\000a\000t\000h\000e\000m\000a\000t\000i\000c\000a\000l\000\040\000d\000e\000f\000i\000n\000i\000t\000i\000o\000n\000\040}{section.2.2}% 36
\BOOKMARK [2][-]{subsection.2.2.3}{\376\377\0002\000.\0002\000.\0003\000\040\000\040\000A\000l\000g\000o\000r\000i\000t\000h\000m\000s\000\040\000M\000S\000G\000,\000\040\000S\000S\000G\000,\000\040\000a\000n\000d\000\040\000A\000B\000B\000\040}{section.2.2}% 37
\BOOKMARK [3][-]{subsubsection.2.2.3.1}{\376\377\0002\000.\0002\000.\0003\000.\0001\000\040\000M\000a\000x\000i\000m\000a\000l\000-\000S\000t\000r\000u\000c\000t\000u\000r\000e\000\040\000G\000e\000n\000e\000r\000a\000t\000i\000o\000n}{subsection.2.2.3}% 38
\BOOKMARK [3][-]{subsubsection.2.2.3.2}{\376\377\0002\000.\0002\000.\0003\000.\0002\000\040\000S\000o\000l\000u\000t\000i\000o\000n\000\040\000S\000t\000r\000u\000c\000t\000u\000r\000e\000\040\000G\000e\000n\000e\000r\000a\000t\000i\000o\000n}{subsection.2.2.3}% 39
\BOOKMARK [3][-]{subsubsection.2.2.3.3}{\376\377\0002\000.\0002\000.\0003\000.\0003\000\040\000A\000c\000c\000e\000l\000e\000r\000a\000t\000e\000d\000\040\000B\000r\000a\000n\000c\000h\000\040\000a\000n\000d\000\040\000B\000o\000u\000n\000d}{subsection.2.2.3}% 40
\BOOKMARK [2][-]{subsection.2.2.4}{\376\377\0002\000.\0002\000.\0004\000\040\000\040\000C\000o\000m\000p\000a\000r\000a\000i\000s\000o\000n\000\040\000P\000N\000S\000\040\000a\000n\000d\000\040\000P\000e\000t\000r\000i\000N\000e\000t\000\040\000:\000\040}{section.2.2}% 41
\BOOKMARK [1][-]{section.2.3}{\376\377\0002\000.\0003\000\040\000C\000o\000n\000c\000l\000u\000s\000i\000o\000n}{chapter.2}% 42
\BOOKMARK [0][]{chapter.3}{\376\377\0003\000\040\000G\000r\000a\000p\000h\000\040\000T\000r\000a\000n\000s\000f\000o\000r\000m\000a\000t\000i\000o\000n\000\040\000A\000p\000p\000r\000o\000a\000c\000h}{}% 43
\BOOKMARK [1][-]{section.3.1}{\376\377\0003\000.\0001\000\040\000\040\000I\000n\000t\000r\000o\000d\000u\000c\000t\000i\000o\000n\000\040}{chapter.3}% 44
\BOOKMARK [1][-]{section.3.2}{\376\377\0003\000.\0002\000\040\000m\000o\000d\000e\000l\000\040\000a\000n\000d\000\040\000M\000e\000t\000a\000-\000M\000o\000d\000e\000l\000\040}{chapter.3}% 45
\BOOKMARK [2][-]{subsection.3.2.1}{\376\377\0003\000.\0002\000.\0001\000\040\000A\000r\000c\000h\000i\000t\000e\000r\000c\000t\000e\000u\000r\000\040\000o\000f\000\040\000M\000e\000t\000a\000-\000M\000o\000d\000e\000l\000i\000n\000g}{section.3.2}% 46
\BOOKMARK [1][-]{section.3.3}{\376\377\0003\000.\0003\000\040\000T\000r\000a\000n\000s\000f\000o\000r\000m\000a\000t\000i\000o\000n\000\040\000M\000o\000d\000e\000l}{chapter.3}% 47
\BOOKMARK [2][-]{subsection.3.3.1}{\376\377\0003\000.\0003\000.\0001\000\040\000D\000e\000f\000i\000n\000i\000t\000i\000o\000n}{section.3.3}% 48
\BOOKMARK [1][-]{section.3.4}{\376\377\0003\000.\0004\000\040\000N\000o\000r\000m\000e\000\040\000o\000f\000\040\000T\000r\000a\000n\000s\000f\000o\000r\000m\000a\000t\000i\000o\000n\000\040}{chapter.3}% 49
\BOOKMARK [1][-]{section.3.5}{\376\377\0003\000.\0005\000\040\000G\000r\000a\000p\000h\000\040\000G\000r\000a\000m\000m\000a\000r}{chapter.3}% 50
\BOOKMARK [1][-]{section.3.6}{\376\377\0003\000.\0006\000\040\000\040\000T\000r\000a\000n\000s\000f\000o\000r\000m\000a\000t\000i\000o\000n\000\040\000s\000y\000s\000t\000e\000m\000\040}{chapter.3}% 51
\BOOKMARK [1][-]{section.3.7}{\376\377\0003\000.\0007\000\040\000A\000T\000o\000M\000\040\0003}{chapter.3}% 52
\BOOKMARK [2][-]{subsection.3.7.1}{\376\377\0003\000.\0007\000.\0001\000\040\000C\000l\000a\000s\000s\000e\000s\000\040\000i\000n\000\040\000A\000T\000o\000M\0003\000\040}{section.3.7}% 53
\BOOKMARK [3][-]{subsubsection.3.7.1.1}{\376\377\0003\000.\0007\000.\0001\000.\0001\000\040\000\040\000C\000o\000n\000s\000t\000r\000a\000i\000n\000t\000\040}{subsection.3.7.1}% 54
\BOOKMARK [3][-]{subsubsection.3.7.1.2}{\376\377\0003\000.\0007\000.\0001\000.\0002\000\040\000\040\000A\000c\000t\000i\000o\000n\000\040}{subsection.3.7.1}% 55
\BOOKMARK [1][-]{section.3.8}{\376\377\0003\000.\0008\000\040\000\040\000G\000r\000a\000p\000h\000\040\000G\000r\000a\000m\000m\000e\000r\000\040\000i\000n\000\040\000A\000T\000o\000M\000\040\0003\000\040}{chapter.3}% 56
\BOOKMARK [1][-]{section.3.9}{\376\377\0003\000.\0009\000\040\000I\000m\000p\000l\000e\000m\000e\000n\000t\000a\000t\000i\000o\000n\000\040\000o\000f\000\040\000t\000h\000e\000\040\000T\000r\000a\000n\000s\000f\000o\000r\000m\000a\000t\000i\000o\000n\000\040}{chapter.3}% 57
\BOOKMARK [2][-]{subsection.3.9.1}{\376\377\0003\000.\0009\000.\0001\000\040\000\040\000M\000e\000t\000a\000-\000M\000o\000d\000e\000l\000\040\000o\000f\000\040\000O\000M\000A\000C\000S\000\040\000a\000n\000d\000\040\000P\000N\000S\000\040}{section.3.9}% 58
\BOOKMARK [2][-]{subsection.3.9.2}{\376\377\0003\000.\0009\000.\0002\000\040\000\040\000M\000o\000d\000e\000l\000\040\000i\000n\000\040\000O\000M\000A\000C\000S\000\040\000a\000n\000d\000\040\000P\000N\000S\000\040}{section.3.9}% 59
\BOOKMARK [2][-]{subsection.3.9.3}{\376\377\0003\000.\0009\000.\0003\000\040\000\040\000R\000u\000l\000e\000\040\000o\000f\000\040\000T\000r\000a\000n\000s\000f\000o\000r\000m\000a\000t\000i\000o\000n\000\040}{section.3.9}% 60
\BOOKMARK [3][-]{subsubsection.3.9.3.1}{\376\377\0003\000.\0009\000.\0003\000.\0001\000\040\000\040\000G\000r\000a\000p\000h\000\040\000G\000r\000a\000m\000m\000a\000r\000\040}{subsection.3.9.3}% 61
\BOOKMARK [2][-]{subsection.3.9.4}{\376\377\0003\000.\0009\000.\0004\000\040\000\040\000E\000x\000a\000m\000p\000l\000e\000s\000\040}{section.3.9}% 62
\BOOKMARK [3][-]{subsubsection.3.9.4.1}{\376\377\0003\000.\0009\000.\0004\000.\0001\000\040\000\040\000S\000i\000m\000p\000l\000e\000\040\000m\000u\000l\000t\000i\000\040\000A\000g\000e\000n\000t\000\040\000S\000y\000s\000t\000e\000m\000\040}{subsection.3.9.4}% 63
